<?xml version="1.0" encoding="utf-8"?><testsuites><testsuite name="pytest" errors="0" failures="0" skipped="0" tests="0" time="0.050" timestamp="2021-07-12T07:36:37.438786" hostname="Saeeds-iMac.local" /></testsuites>